Performing C SOURCE FILE Test CMAKE_HAVE_LIBC_PTHREAD failed with the following output:
Change Dir: /home/agilex/root_ws/build/CMakeFiles/CMakeTmp

Run Build Command(s):/usr/bin/make -f Makefile cmTC_c6743/fast && /usr/bin/make  -f CMakeFiles/cmTC_c6743.dir/build.make CMakeFiles/cmTC_c6743.dir/build
make[1]: Entering directory '/home/agilex/root_ws/build/CMakeFiles/CMakeTmp'
Building C object CMakeFiles/cmTC_c6743.dir/src.c.o
/usr/bin/cc -DCMAKE_HAVE_LIBC_PTHREAD   -o CMakeFiles/cmTC_c6743.dir/src.c.o -c /home/agilex/root_ws/build/CMakeFiles/CMakeTmp/src.c
Linking C executable cmTC_c6743
/usr/local/bin/cmake -E cmake_link_script CMakeFiles/cmTC_c6743.dir/link.txt --verbose=1
/usr/bin/cc -rdynamic CMakeFiles/cmTC_c6743.dir/src.c.o -o cmTC_c6743 
CMakeFiles/cmTC_c6743.dir/src.c.o: In function `main':
src.c:(.text+0x48): undefined reference to `pthread_create'
src.c:(.text+0x50): undefined reference to `pthread_detach'
src.c:(.text+0x58): undefined reference to `pthread_cancel'
src.c:(.text+0x64): undefined reference to `pthread_join'
src.c:(.text+0x74): undefined reference to `pthread_atfork'
collect2: error: ld returned 1 exit status
CMakeFiles/cmTC_c6743.dir/build.make:98: recipe for target 'cmTC_c6743' failed
make[1]: *** [cmTC_c6743] Error 1
make[1]: Leaving directory '/home/agilex/root_ws/build/CMakeFiles/CMakeTmp'
Makefile:127: recipe for target 'cmTC_c6743/fast' failed
make: *** [cmTC_c6743/fast] Error 2


Source file was:
#include <pthread.h>

static void* test_func(void* data)
{
  return data;
}

int main(void)
{
  pthread_t thread;
  pthread_create(&thread, NULL, test_func, NULL);
  pthread_detach(thread);
  pthread_cancel(thread);
  pthread_join(thread, NULL);
  pthread_atfork(NULL, NULL, NULL);
  pthread_exit(NULL);

  return 0;
}

Determining if the function pthread_create exists in the pthreads failed with the following output:
Change Dir: /home/agilex/root_ws/build/CMakeFiles/CMakeTmp

Run Build Command(s):/usr/bin/make -f Makefile cmTC_e413f/fast && /usr/bin/make  -f CMakeFiles/cmTC_e413f.dir/build.make CMakeFiles/cmTC_e413f.dir/build
make[1]: Entering directory '/home/agilex/root_ws/build/CMakeFiles/CMakeTmp'
Building C object CMakeFiles/cmTC_e413f.dir/CheckFunctionExists.c.o
/usr/bin/cc   -DCHECK_FUNCTION_EXISTS=pthread_create -o CMakeFiles/cmTC_e413f.dir/CheckFunctionExists.c.o -c /usr/local/share/cmake-3.21/Modules/CheckFunctionExists.c
Linking C executable cmTC_e413f
/usr/local/bin/cmake -E cmake_link_script CMakeFiles/cmTC_e413f.dir/link.txt --verbose=1
/usr/bin/cc  -DCHECK_FUNCTION_EXISTS=pthread_create -rdynamic CMakeFiles/cmTC_e413f.dir/CheckFunctionExists.c.o -o cmTC_e413f  -lpthreads 
/usr/bin/ld: cannot find -lpthreads
collect2: error: ld returned 1 exit status
CMakeFiles/cmTC_e413f.dir/build.make:98: recipe for target 'cmTC_e413f' failed
make[1]: *** [cmTC_e413f] Error 1
make[1]: Leaving directory '/home/agilex/root_ws/build/CMakeFiles/CMakeTmp'
Makefile:127: recipe for target 'cmTC_e413f/fast' failed
make: *** [cmTC_e413f/fast] Error 2



